<?xml version="1.0" encoding="UTF-8"?>
<!-- Generated by org.testng.reporters.JUnitReportReporter -->
<testsuite hostname="Kiran-PC" failures="0" tests="1" name="campaign.CreateCampaignWithProductTest" time="88.317" errors="0" timestamp="2023-04-07T23:08:18 IST" skipped="0">
  <testcase classname="campaign.CreateCampaignWithProductTest" name="createCampaignWithProduct" time="88.317"/>
  <system-out/>
</testsuite> <!-- campaign.CreateCampaignWithProductTest -->
