<?xml version="1.0" encoding="UTF-8"?>
<!-- Generated by org.testng.reporters.JUnitReportReporter -->
<testsuite hostname="Kiran-PC" failures="0" tests="1" name="practice.HardAssert" time="0.101" errors="0" timestamp="2023-04-11T20:37:19 IST" skipped="0">
  <testcase classname="practice.HardAssert" name="m1" time="0.101"/>
  <system-out/>
</testsuite> <!-- practice.HardAssert -->
