<?xml version="1.0" encoding="UTF-8"?>
<!-- Generated by org.testng.reporters.JUnitReportReporter -->
<testsuite hostname="Kiran-PC" failures="0" tests="3" name="practice.SampleTestNg" time="0.097" errors="0" timestamp="2023-04-06T20:11:25 IST" skipped="0">
  <testcase classname="practice.SampleTestNg" name="createContact" time="0.084"/>
  <system-out/>
  <testcase classname="practice.SampleTestNg" name="modifyContact" time="0.007"/>
  <system-out/>
  <testcase classname="practice.SampleTestNg" name="deleteContact" time="0.006"/>
  <system-out/>
</testsuite> <!-- practice.SampleTestNg -->
