<?xml version="1.0" encoding="UTF-8"?>
<!-- Generated by org.testng.reporters.JUnitReportReporter -->
<testsuite hostname="Kiran-PC" failures="0" tests="3" name="practice.DataProviderExcel" time="0.047" errors="0" timestamp="2023-04-17T15:48:59 IST" skipped="0">
  <testcase classname="practice.DataProviderExcel" name="bookTickets" time="0.002"/>
  <system-out/>
  <testcase classname="practice.DataProviderExcel" name="bookTickets" time="0.002"/>
  <system-out/>
  <testcase classname="practice.DataProviderExcel" name="bookTickets" time="0.043"/>
  <system-out/>
</testsuite> <!-- practice.DataProviderExcel -->
