<?xml version="1.0" encoding="UTF-8"?>
<!-- Generated by org.testng.reporters.JUnitReportReporter -->
<testsuite hostname="Kiran-PC" failures="0" tests="1" name="product.CreateProductDeleteProductTest" time="66.622" errors="0" timestamp="2023-04-07T23:08:18 IST" skipped="0">
  <testcase classname="product.CreateProductDeleteProductTest" name="createProductDeleteProduct" time="66.622"/>
  <system-out/>
</testsuite> <!-- product.CreateProductDeleteProductTest -->
