<?xml version="1.0" encoding="UTF-8"?>
<!-- Generated by org.testng.reporters.JUnitReportReporter -->
<testsuite hostname="Kiran-PC" failures="0" tests="3" name="practice.DataProviderExample" time="0.074" errors="0" timestamp="2023-04-12T22:12:42 IST" skipped="0">
  <testcase classname="practice.DataProviderExample" name="bookTickets" time="0.070"/>
  <system-out/>
  <testcase classname="practice.DataProviderExample" name="bookTickets" time="0.002"/>
  <system-out/>
  <testcase classname="practice.DataProviderExample" name="bookTickets" time="0.002"/>
  <system-out/>
</testsuite> <!-- practice.DataProviderExample -->
